<Type Name="TestResult" FullName="Android.Test.TestResult">
  <TypeSignature Language="C#" Value="public enum TestResult" />
  <TypeSignature Language="ILAsm" Value=".class public auto ansi sealed TestResult extends System.Enum" />
  <AssemblyInfo>
    <AssemblyName>Mono.Android</AssemblyName>
    <AssemblyVersion>0.0.0.0</AssemblyVersion>
  </AssemblyInfo>
  <Base>
    <BaseTypeName>System.Enum</BaseTypeName>
  </Base>
  <Docs>
    <summary>Enumerates values returned by several methods of <see cref="T:Android.Test.TestResult" />.</summary>
    <remarks>Enumerates value returned by the following: <list type="bullet"><item><term><see cref="M:Android.Test.TestResult.Error" /></term></item><item><term><see cref="M:Android.Test.TestResult.Failure" /></term></item><item><term><see cref="M:Android.Test.TestResult.Ok" /></term></item><item><term><see cref="M:Android.Test.TestResult.Start" /></term></item></list>
.</remarks>
  </Docs>
  <Members>
    <Member MemberName="Error">
      <MemberSignature Language="C#" Value="Error" />
      <MemberSignature Language="ILAsm" Value=".field public static literal valuetype Android.Test.TestResult Error = int32(-1)" />
      <MemberType>Field</MemberType>
      <AssemblyInfo>
        <AssemblyVersion>0.0.0.0</AssemblyVersion>
      </AssemblyInfo>
      <ReturnValue>
        <ReturnType>Android.Test.TestResult</ReturnType>
      </ReturnValue>
      <Docs>
        <summary>
          <para tool="javadoc-to-mdoc">The test completed with an error.
</para>
        </summary>
      </Docs>
    </Member>
    <Member MemberName="Failure">
      <MemberSignature Language="C#" Value="Failure" />
      <MemberSignature Language="ILAsm" Value=".field public static literal valuetype Android.Test.TestResult Failure = int32(-2)" />
      <MemberType>Field</MemberType>
      <AssemblyInfo>
        <AssemblyVersion>0.0.0.0</AssemblyVersion>
      </AssemblyInfo>
      <ReturnValue>
        <ReturnType>Android.Test.TestResult</ReturnType>
      </ReturnValue>
      <Docs>
        <summary>
          <para tool="javadoc-to-mdoc">The test completed with a failure.
</para>
        </summary>
      </Docs>
    </Member>
    <Member MemberName="Ok">
      <MemberSignature Language="C#" Value="Ok" />
      <MemberSignature Language="ILAsm" Value=".field public static literal valuetype Android.Test.TestResult Ok = int32(0)" />
      <MemberType>Field</MemberType>
      <AssemblyInfo>
        <AssemblyVersion>0.0.0.0</AssemblyVersion>
      </AssemblyInfo>
      <ReturnValue>
        <ReturnType>Android.Test.TestResult</ReturnType>
      </ReturnValue>
      <Docs>
        <summary>
          <para tool="javadoc-to-mdoc">The test completed successfully.
</para>
        </summary>
      </Docs>
    </Member>
    <Member MemberName="Start">
      <MemberSignature Language="C#" Value="Start" />
      <MemberSignature Language="ILAsm" Value=".field public static literal valuetype Android.Test.TestResult Start = int32(1)" />
      <MemberType>Field</MemberType>
      <AssemblyInfo>
        <AssemblyVersion>0.0.0.0</AssemblyVersion>
      </AssemblyInfo>
      <ReturnValue>
        <ReturnType>Android.Test.TestResult</ReturnType>
      </ReturnValue>
      <Docs>
        <summary>
          <para tool="javadoc-to-mdoc">The test is starting.
</para>
        </summary>
      </Docs>
    </Member>
  </Members>
</Type>
